# JRE version: 7.0_13-b20
# Java VM: Java HotSpot(TM) 64-Bit Server VM (23.7-b01 mixed mode windows-amd64 compressed oops)
Heap
 PSYoungGen      total 408256K, used 119562K [0x00000007c0000000, 0x00000007e8370000, 0x0000000800000000)
  eden space 393216K, 28% used [0x00000007c0000000,0x00000007c6c3ab20,0x00000007d8000000)
  from space 15040K, 58% used [0x00000007d8000000,0x00000007d8888050,0x00000007d8eb0000)
  to   space 14848K, 0% used [0x00000007e74f0000,0x00000007e74f0000,0x00000007e8370000)
 ParOldGen       total 131072K, used 24593K [0x0000000740000000, 0x0000000748000000, 0x00000007c0000000)
  object space 131072K, 18% used [0x0000000740000000,0x0000000741804578,0x0000000748000000)
 PSPermGen       total 21248K, used 20774K [0x000000073ae00000, 0x000000073c2c0000, 0x0000000740000000)
  object space 21248K, 97% used [0x000000073ae00000,0x000000073c249be0,0x000000073c2c0000)
GC Heap History (10 events):
Event: 7.047 GC heap before
{Heap before GC invocations=5 (full 0):
 PSYoungGen      total 106496K, used 106474K [0x00000007c0000000, 0x00000007c7000000, 0x0000000800000000)
  eden space 98304K, 100% used [0x00000007c0000000,0x00000007c6000000,0x00000007c6000000)
  from space 8192K, 99% used [0x00000007c6800000,0x00000007c6ffab30,0x00000007c7000000)
  to   space 8192K, 0% used [0x00000007c6000000,0x00000007c6000000,0x00000007c6800000)
 ParOldGen       total 131072K, used 10773K [0x0000000740000000, 0x0000000748000000, 0x00000007c0000000)
  object space 131072K, 8% used [0x0000000740000000,0x0000000740a85588,0x0000000748000000)
 PSPermGen       total 21248K, used 20720K [0x000000073ae00000, 0x000000073c2c0000, 0x0000000740000000)
  object space 21248K, 97% used [0x000000073ae00000,0x000000073c23c200,0x000000073c2c0000)
Event: 7.134 GC heap after
Heap after GC invocations=5 (full 0):
 PSYoungGen      total 106496K, used 8186K [0x00000007c0000000, 0x00000007ce020000, 0x0000000800000000)
  eden space 98304K, 0% used [0x00000007c0000000,0x00000007c0000000,0x00000007c6000000)
  from space 8192K, 99% used [0x00000007c6000000,0x00000007c67feb20,0x00000007c6800000)
  to   space 16448K, 0% used [0x00000007cd010000,0x00000007cd010000,0x00000007ce020000)
 ParOldGen       total 131072K, used 15176K [0x0000000740000000, 0x0000000748000000, 0x00000007c0000000)
  object space 131072K, 11% used [0x0000000740000000,0x0000000740ed2390,0x0000000748000000)
 PSPermGen       total 21248K, used 20720K [0x000000073ae00000, 0x000000073c2c0000, 0x0000000740000000)
  object space 21248K, 97% used [0x000000073ae00000,0x000000073c23c200,0x000000073c2c0000)
}
Event: 7.593 GC heap before
{Heap before GC invocations=6 (full 0):
 PSYoungGen      total 106496K, used 106490K [0x00000007c0000000, 0x00000007ce020000, 0x0000000800000000)
  eden space 98304K, 100% used [0x00000007c0000000,0x00000007c6000000,0x00000007c6000000)
  from space 8192K, 99% used [0x00000007c6000000,0x00000007c67feb20,0x00000007c6800000)
  to   space 16448K, 0% used [0x00000007cd010000,0x00000007cd010000,0x00000007ce020000)
 ParOldGen       total 131072K, used 15176K [0x0000000740000000, 0x0000000748000000, 0x00000007c0000000)
  object space 131072K, 11% used [0x0000000740000000,0x0000000740ed2390,0x0000000748000000)
 PSPermGen       total 21248K, used 20752K [0x000000073ae00000, 0x000000073c2c0000, 0x0000000740000000)
  object space 21248K, 97% used [0x000000073ae00000,0x000000073c244028,0x000000073c2c0000)
Event: 7.741 GC heap after
Heap after GC invocations=6 (full 0):
 PSYoungGen      total 211776K, used 9482K [0x00000007c0000000, 0x00000007cdee0000, 0x0000000800000000)
  eden space 196608K, 0% used [0x00000007c0000000,0x00000007c0000000,0x00000007cc000000)
  from space 15168K, 62% used [0x00000007cd010000,0x00000007cd952b30,0x00000007cdee0000)
  to   space 15808K, 0% used [0x00000007cc000000,0x00000007cc000000,0x00000007ccf70000)
 ParOldGen       total 131072K, used 15176K [0x0000000740000000, 0x0000000748000000, 0x00000007c0000000)
  object space 131072K, 11% used [0x0000000740000000,0x0000000740ed2390,0x0000000748000000)
 PSPermGen       total 21248K, used 20752K [0x000000073ae00000, 0x000000073c2c0000, 0x0000000740000000)
  object space 21248K, 97% used [0x000000073ae00000,0x000000073c244028,0x000000073c2c0000)
}
Event: 8.548 GC heap before
{Heap before GC invocations=7 (full 0):
 PSYoungGen      total 211776K, used 206090K [0x00000007c0000000, 0x00000007cdee0000, 0x0000000800000000)
  eden space 196608K, 100% used [0x00000007c0000000,0x00000007cc000000,0x00000007cc000000)
  from space 15168K, 62% used [0x00000007cd010000,0x00000007cd952b30,0x00000007cdee0000)
  to   space 15808K, 0% used [0x00000007cc000000,0x00000007cc000000,0x00000007ccf70000)
 ParOldGen       total 131072K, used 15176K [0x0000000740000000, 0x0000000748000000, 0x00000007c0000000)
  object space 131072K, 11% used [0x0000000740000000,0x0000000740ed2390,0x0000000748000000)
 PSPermGen       total 21248K, used 20759K [0x000000073ae00000, 0x000000073c2c0000, 0x0000000740000000)
  object space 21248K, 97% used [0x000000073ae00000,0x000000073c245f58,0x000000073c2c0000)
Event: 8.805 GC heap after
Heap after GC invocations=7 (full 0):
 PSYoungGen      total 212416K, used 10602K [0x00000007c0000000, 0x00000007d9d80000, 0x0000000800000000)
  eden space 196608K, 0% used [0x00000007c0000000,0x00000007c0000000,0x00000007cc000000)
  from space 15808K, 67% used [0x00000007cc000000,0x00000007cca5ab30,0x00000007ccf70000)
  to   space 15104K, 0% used [0x00000007d8ec0000,0x00000007d8ec0000,0x00000007d9d80000)
 ParOldGen       total 131072K, used 17072K [0x0000000740000000, 0x0000000748000000, 0x00000007c0000000)
  object space 131072K, 13% used [0x0000000740000000,0x00000007410ac3b0,0x0000000748000000)
 PSPermGen       total 21248K, used 20759K [0x000000073ae00000, 0x000000073c2c0000, 0x0000000740000000)
  object space 21248K, 97% used [0x000000073ae00000,0x000000073c245f58,0x000000073c2c0000)
}
Event: 9.265 GC heap before
{Heap before GC invocations=8 (full 0):
 PSYoungGen      total 212416K, used 207210K [0x00000007c0000000, 0x00000007d9d80000, 0x0000000800000000)
  eden space 196608K, 100% used [0x00000007c0000000,0x00000007cc000000,0x00000007cc000000)
  from space 15808K, 67% used [0x00000007cc000000,0x00000007cca5ab30,0x00000007ccf70000)
  to   space 15104K, 0% used [0x00000007d8ec0000,0x00000007d8ec0000,0x00000007d9d80000)
 ParOldGen       total 131072K, used 17072K [0x0000000740000000, 0x0000000748000000, 0x00000007c0000000)
  object space 131072K, 13% used [0x0000000740000000,0x00000007410ac3b0,0x0000000748000000)
 PSPermGen       total 21248K, used 20771K [0x000000073ae00000, 0x000000073c2c0000, 0x0000000740000000)
  object space 21248K, 97% used [0x000000073ae00000,0x000000073c248d00,0x000000073c2c0000)
Event: 9.296 GC heap after
Heap after GC invocations=8 (full 0):
 PSYoungGen      total 408192K, used 8128K [0x00000007c0000000, 0x00000007d9d60000, 0x0000000800000000)
  eden space 393216K, 0% used [0x00000007c0000000,0x00000007c0000000,0x00000007d8000000)
  from space 14976K, 54% used [0x00000007d8ec0000,0x00000007d96b0040,0x00000007d9d60000)
  to   space 15040K, 0% used [0x00000007d8000000,0x00000007d8000000,0x00000007d8eb0000)
 ParOldGen       total 131072K, used 22009K [0x0000000740000000, 0x0000000748000000, 0x00000007c0000000)
  object space 131072K, 16% used [0x0000000740000000,0x000000074157e568,0x0000000748000000)
 PSPermGen       total 21248K, used 20771K [0x000000073ae00000, 0x000000073c2c0000, 0x0000000740000000)
  object space 21248K, 97% used [0x000000073ae00000,0x000000073c248d00,0x000000073c2c0000)
}
Event: 10.582 GC heap before
{Heap before GC invocations=9 (full 0):
 PSYoungGen      total 408192K, used 401344K [0x00000007c0000000, 0x00000007d9d60000, 0x0000000800000000)
  eden space 393216K, 100% used [0x00000007c0000000,0x00000007d8000000,0x00000007d8000000)
  from space 14976K, 54% used [0x00000007d8ec0000,0x00000007d96b0040,0x00000007d9d60000)
  to   space 15040K, 0% used [0x00000007d8000000,0x00000007d8000000,0x00000007d8eb0000)
 ParOldGen       total 131072K, used 22009K [0x0000000740000000, 0x0000000748000000, 0x00000007c0000000)
  object space 131072K, 16% used [0x0000000740000000,0x000000074157e568,0x0000000748000000)
 PSPermGen       total 21248K, used 20774K [0x000000073ae00000, 0x000000073c2c0000, 0x0000000740000000)
  object space 21248K, 97% used [0x000000073ae00000,0x000000073c249978,0x000000073c2c0000)
Event: 10.639 GC heap after
Heap after GC invocations=9 (full 0):
 PSYoungGen      total 408256K, used 8736K [0x00000007c0000000, 0x00000007e8370000, 0x0000000800000000)
  eden space 393216K, 0% used [0x00000007c0000000,0x00000007c0000000,0x00000007d8000000)
  from space 15040K, 58% used [0x00000007d8000000,0x00000007d8888050,0x00000007d8eb0000)
  to   space 14848K, 0% used [0x00000007e74f0000,0x00000007e74f0000,0x00000007e8370000)
 ParOldGen       total 131072K, used 24593K [0x0000000740000000, 0x0000000748000000, 0x00000007c0000000)
  object space 131072K, 18% used [0x0000000740000000,0x0000000741804578,0x0000000748000000)
 PSPermGen       total 21248K, used 20774K [0x000000073ae00000, 0x000000073c2c0000, 0x0000000740000000)
  object space 21248K, 97% used [0x000000073ae00000,0x000000073c249978,0x000000073c2c0000)
}

